<?xml version="1.0" encoding="UTF-8"?>
<!-- Generated by org.testng.reporters.JUnitReportReporter -->
<testsuite hostname="WS-18443" failures="0" tests="1" name="Reports.Reporting" time="6.729" errors="0" timestamp="2024-01-23T20:47:06 IST" skipped="0">
  <testcase classname="Reports.Reporting" name="googleSearch" time="6.729"/>
</testsuite> <!-- Reports.Reporting -->
